<?xml version="1.0" encoding="UTF-8"?>
<testsuite name="com.mtorres6739songr.songr.SongrApplicationTests" tests="1" skipped="0" failures="0" errors="0" timestamp="2022-11-08T01:27:30" hostname="M1-MAX-Macbook-Pro.local" time="0.159">
  <properties/>
  <testcase name="testForSetters()" classname="com.mtorres6739songr.songr.SongrApplicationTests" time="0.159"/>
  <system-out><![CDATA[18:27:29.626 [Test worker] DEBUG org.springframework.test.context.BootstrapUtils - Instantiating CacheAwareContextLoaderDelegate from class [org.springframework.test.context.cache.DefaultCacheAwareContextLoaderDelegate]
18:27:29.631 [Test worker] DEBUG org.springframework.test.context.BootstrapUtils - Instantiating BootstrapContext using constructor [public org.springframework.test.context.support.DefaultBootstrapContext(java.lang.Class,org.springframework.test.context.CacheAwareContextLoaderDelegate)]
18:27:29.645 [Test worker] DEBUG org.springframework.test.context.BootstrapUtils - Instantiating TestContextBootstrapper for test class [com.mtorres6739songr.songr.SongrApplicationTests] from class [org.springframework.boot.test.context.SpringBootTestContextBootstrapper]
18:27:29.650 [Test worker] INFO org.springframework.boot.test.context.SpringBootTestContextBootstrapper - Neither @ContextConfiguration nor @ContextHierarchy found for test class [com.mtorres6739songr.songr.SongrApplicationTests], using SpringBootContextLoader
18:27:29.652 [Test worker] DEBUG org.springframework.test.context.support.AbstractContextLoader - Did not detect default resource location for test class [com.mtorres6739songr.songr.SongrApplicationTests]: class path resource [com/mtorres6739songr/songr/SongrApplicationTests-context.xml] does not exist
18:27:29.652 [Test worker] DEBUG org.springframework.test.context.support.AbstractContextLoader - Did not detect default resource location for test class [com.mtorres6739songr.songr.SongrApplicationTests]: class path resource [com/mtorres6739songr/songr/SongrApplicationTestsContext.groovy] does not exist
18:27:29.652 [Test worker] INFO org.springframework.test.context.support.AbstractContextLoader - Could not detect default resource locations for test class [com.mtorres6739songr.songr.SongrApplicationTests]: no resource found for suffixes {-context.xml, Context.groovy}.
18:27:29.652 [Test worker] INFO org.springframework.test.context.support.AnnotationConfigContextLoaderUtils - Could not detect default configuration classes for test class [com.mtorres6739songr.songr.SongrApplicationTests]: SongrApplicationTests does not declare any static, non-private, non-final, nested classes annotated with @Configuration.
18:27:29.671 [Test worker] DEBUG org.springframework.test.context.support.ActiveProfilesUtils - Could not find an 'annotation declaring class' for annotation type [org.springframework.test.context.ActiveProfiles] and class [com.mtorres6739songr.songr.SongrApplicationTests]
18:27:29.693 [Test worker] DEBUG org.springframework.context.annotation.ClassPathScanningCandidateComponentProvider - Identified candidate component class: file [/Users/mathewtorres/projects/courses/401/songr/build/classes/java/main/com/mtorres6739songr/songr/SongrApplication.class]
18:27:29.694 [Test worker] INFO org.springframework.boot.test.context.SpringBootTestContextBootstrapper - Found @SpringBootConfiguration com.mtorres6739songr.songr.SongrApplication for test class com.mtorres6739songr.songr.SongrApplicationTests
18:27:29.727 [Test worker] DEBUG org.springframework.boot.test.context.SpringBootTestContextBootstrapper - @TestExecutionListeners is not present for class [com.mtorres6739songr.songr.SongrApplicationTests]: using defaults.
18:27:29.728 [Test worker] INFO org.springframework.boot.test.context.SpringBootTestContextBootstrapper - Loaded default TestExecutionListener class names from location [META-INF/spring.factories]: [org.springframework.boot.test.autoconfigure.restdocs.RestDocsTestExecutionListener, org.springframework.boot.test.autoconfigure.web.client.MockRestServiceServerResetTestExecutionListener, org.springframework.boot.test.autoconfigure.web.servlet.MockMvcPrintOnlyOnFailureTestExecutionListener, org.springframework.boot.test.autoconfigure.web.servlet.WebDriverTestExecutionListener, org.springframework.boot.test.autoconfigure.webservices.client.MockWebServiceServerTestExecutionListener, org.springframework.boot.test.mock.mockito.MockitoTestExecutionListener, org.springframework.boot.test.mock.mockito.ResetMocksTestExecutionListener, org.springframework.test.context.web.ServletTestExecutionListener, org.springframework.test.context.support.DirtiesContextBeforeModesTestExecutionListener, org.springframework.test.context.event.ApplicationEventsTestExecutionListener, org.springframework.test.context.support.DependencyInjectionTestExecutionListener, org.springframework.test.context.support.DirtiesContextTestExecutionListener, org.springframework.test.context.transaction.TransactionalTestExecutionListener, org.springframework.test.context.jdbc.SqlScriptsTestExecutionListener, org.springframework.test.context.event.EventPublishingTestExecutionListener]
18:27:29.732 [Test worker] DEBUG org.springframework.boot.test.context.SpringBootTestContextBootstrapper - Skipping candidate TestExecutionListener [org.springframework.test.context.transaction.TransactionalTestExecutionListener] due to a missing dependency. Specify custom listener classes or make the default listener classes and their required dependencies available. Offending class: [org/springframework/transaction/interceptor/TransactionAttributeSource]
18:27:29.732 [Test worker] DEBUG org.springframework.boot.test.context.SpringBootTestContextBootstrapper - Skipping candidate TestExecutionListener [org.springframework.test.context.jdbc.SqlScriptsTestExecutionListener] due to a missing dependency. Specify custom listener classes or make the default listener classes and their required dependencies available. Offending class: [org/springframework/transaction/interceptor/TransactionAttribute]
18:27:29.732 [Test worker] INFO org.springframework.boot.test.context.SpringBootTestContextBootstrapper - Using TestExecutionListeners: [org.springframework.test.context.web.ServletTestExecutionListener@65f87a2c, org.springframework.test.context.support.DirtiesContextBeforeModesTestExecutionListener@51684e4a, org.springframework.test.context.event.ApplicationEventsTestExecutionListener@6ce1f601, org.springframework.boot.test.mock.mockito.MockitoTestExecutionListener@38875e7d, org.springframework.boot.test.autoconfigure.SpringBootDependencyInjectionTestExecutionListener@1e886a5b, org.springframework.test.context.support.DirtiesContextTestExecutionListener@d816dde, org.springframework.test.context.event.EventPublishingTestExecutionListener@6e33c391, org.springframework.boot.test.autoconfigure.restdocs.RestDocsTestExecutionListener@6c451c9c, org.springframework.boot.test.autoconfigure.web.client.MockRestServiceServerResetTestExecutionListener@31c269fd, org.springframework.boot.test.autoconfigure.web.servlet.MockMvcPrintOnlyOnFailureTestExecutionListener@372b0d86, org.springframework.boot.test.autoconfigure.web.servlet.WebDriverTestExecutionListener@47747fb9, org.springframework.boot.test.autoconfigure.webservices.client.MockWebServiceServerTestExecutionListener@3113a37, org.springframework.boot.test.mock.mockito.ResetMocksTestExecutionListener@213e3629]
18:27:29.734 [Test worker] DEBUG org.springframework.test.context.support.AbstractDirtiesContextTestExecutionListener - Before test class: context [DefaultTestContext@36ac8a63 testClass = SongrApplicationTests, testInstance = [null], testMethod = [null], testException = [null], mergedContextConfiguration = [WebMergedContextConfiguration@4d9d1b69 testClass = SongrApplicationTests, locations = '{}', classes = '{class com.mtorres6739songr.songr.SongrApplication}', contextInitializerClasses = '[]', activeProfiles = '{}', propertySourceLocations = '{}', propertySourceProperties = '{org.springframework.boot.test.context.SpringBootTestContextBootstrapper=true}', contextCustomizers = set[org.springframework.boot.test.autoconfigure.actuate.metrics.MetricsExportContextCustomizerFactory$DisableMetricExportContextCustomizer@6f0b0a5e, org.springframework.boot.test.autoconfigure.properties.PropertyMappingContextCustomizer@0, org.springframework.boot.test.autoconfigure.web.servlet.WebDriverContextCustomizerFactory$Customizer@40cb698e, org.springframework.boot.test.context.filter.ExcludeFilterContextCustomizer@4a891c97, org.springframework.boot.test.json.DuplicateJsonObjectContextCustomizerFactory$DuplicateJsonObjectContextCustomizer@2313052e, org.springframework.boot.test.mock.mockito.MockitoContextCustomizer@0, org.springframework.boot.test.web.client.TestRestTemplateContextCustomizer@f667fe, org.springframework.boot.test.context.SpringBootTestArgs@1, org.springframework.boot.test.context.SpringBootTestWebEnvironment@7d61eb55], resourceBasePath = 'src/main/webapp', contextLoader = 'org.springframework.boot.test.context.SpringBootContextLoader', parent = [null]], attributes = map['org.springframework.test.context.web.ServletTestExecutionListener.activateListener' -> true]], class annotated with @DirtiesContext [false] with mode [null].

  .   ____          _            __ _ _
 /\\ / ___'_ __ _ _(_)_ __  __ _ \ \ \ \
( ( )\___ | '_ | '_| | '_ \/ _` | \ \ \ \
 \\/  ___)| |_)| | | | | || (_| |  ) ) ) )
  '  |____| .__|_| |_|_| |_\__, | / / / /
 =========|_|==============|___/=/_/_/_/
 :: Spring Boot ::                (v2.7.5)

2022-11-07 18:27:30.036  INFO 40755 --- [    Test worker] c.m.songr.SongrApplicationTests          : Starting SongrApplicationTests using Java 17.0.4.1 on M1-MAX-Macbook-Pro.local with PID 40755 (started by mathewtorres in /Users/mathewtorres/projects/courses/401/songr)
2022-11-07 18:27:30.037  INFO 40755 --- [    Test worker] c.m.songr.SongrApplicationTests          : No active profile set, falling back to 1 default profile: "default"
2022-11-07 18:27:30.654  INFO 40755 --- [    Test worker] c.m.songr.SongrApplicationTests          : Started SongrApplicationTests in 0.905 seconds (JVM running for 1.396)
]]></system-out>
  <system-err><![CDATA[]]></system-err>
</testsuite>
